<?xml version="1.1" encoding="UTF-8"?>
<testsuite name="GreeterTest" tests="1" failures="0" errors="0" timestamp="2017-10-10T17:15:39" hostname="d" time="0.009">
  <properties/>
  <testcase name="testThatGreeterReturnsTheCorrectGreeting" classname="GreeterTest" time="0.009"/>
  <system-out><![CDATA[]]></system-out>
  <system-err><![CDATA[]]></system-err>
</testsuite>
