<?xml version="1.1" encoding="UTF-8"?>
<testsuite name="AcronymTest" tests="6" failures="0" errors="0" timestamp="2017-10-15T04:39:22" hostname="d" time="0.028">
  <properties/>
  <testcase name="fromTitleCasedPhrases" classname="AcronymTest" time="0.01"/>
  <testcase name="fromPhrasesWithPunctuationAndSentenceCasing" classname="AcronymTest" time="0.0"/>
  <testcase name="fromOtherPhrasesWithPunctuation" classname="AcronymTest" time="0.0"/>
  <testcase name="fromPhrasesWithNonAcronymAllCapsWord" classname="AcronymTest" time="0.0"/>
  <testcase name="fromOtherTitleCasedPhrases" classname="AcronymTest" time="0.009"/>
  <testcase name="fromPhrasesWithPunctuation" classname="AcronymTest" time="0.0"/>
  <system-out><![CDATA[]]></system-out>
  <system-err><![CDATA[]]></system-err>
</testsuite>
