<?xml version="1.1" encoding="UTF-8"?>
<testsuite name="HammingTest" tests="15" failures="0" errors="0" timestamp="2017-10-14T02:52:28" hostname="d" time="0.206">
  <properties/>
  <testcase name="testNonUniqueCharacterInFirstStrand" classname="HammingTest" time="0.009"/>
  <testcase name="testSameNucleotidesInDifferentPositions" classname="HammingTest" time="0.0"/>
  <testcase name="testCompleteDistanceInSingleNucleotideStrand" classname="HammingTest" time="0.0"/>
  <testcase name="testNoDistanceBetweenEmptyStrands" classname="HammingTest" time="0.0"/>
  <testcase name="testNoDistanceBetweenShortIdenticalStrands" classname="HammingTest" time="0.0"/>
  <testcase name="testSmallDistanceInSmallStrand" classname="HammingTest" time="0.0"/>
  <testcase name="testNoDistanceBetweenLongIdenticalStrands" classname="HammingTest" time="0.0"/>
  <testcase name="testNonUniqueCharacterInSecondStrand" classname="HammingTest" time="0.0"/>
  <testcase name="testSmallDistanceInMediumStrand" classname="HammingTest" time="0.0"/>
  <testcase name="testLargeDistanceInOffByOneStrand" classname="HammingTest" time="0.0"/>
  <testcase name="testLargeDistanceInPermutedStrand" classname="HammingTest" time="0.0"/>
  <testcase name="testValidatesFirstStrandNotLonger" classname="HammingTest" time="0.116"/>
  <testcase name="testSmallDistanceInLongStrand" classname="HammingTest" time="0.005"/>
  <testcase name="testValidatesSecondStrandNotLonger" classname="HammingTest" time="0.003"/>
  <testcase name="testCompleteDistanceInSmallStrand" classname="HammingTest" time="0.001"/>
  <system-out><![CDATA[]]></system-out>
  <system-err><![CDATA[]]></system-err>
</testsuite>
