<?xml version="1.1" encoding="UTF-8"?>
<testsuite name="TwoferTest" tests="4" failures="0" errors="0" timestamp="2017-10-10T17:02:09" hostname="d" time="0.02">
  <properties/>
  <testcase name="noNameGiven" classname="TwoferTest" time="0.011"/>
  <ignored-testcase name="emptyStringGiven" classname="TwoferTest" time="0.0"/>
  <ignored-testcase name="aNameGiven" classname="TwoferTest" time="0.0"/>
  <ignored-testcase name="anotherNameGiven" classname="TwoferTest" time="0.0"/>
  <system-out><![CDATA[]]></system-out>
  <system-err><![CDATA[]]></system-err>
</testsuite>
