<?xml version="1.1" encoding="UTF-8"?>
<testsuite name="TwoferTest" tests="4" failures="0" errors="0" timestamp="2017-10-11T11:29:22" hostname="d" time="0.023">
  <properties/>
  <testcase name="noNameGiven" classname="TwoferTest" time="0.008"/>
  <testcase name="emptyStringGiven" classname="TwoferTest" time="0.0"/>
  <testcase name="aNameGiven" classname="TwoferTest" time="0.0"/>
  <testcase name="anotherNameGiven" classname="TwoferTest" time="0.0"/>
  <system-out><![CDATA[]]></system-out>
  <system-err><![CDATA[]]></system-err>
</testsuite>
